/mnt/raid5/xujing/miniconda3/lib/python3.10/site-packages/torch/cuda/__init__.py:61: FutureWarning: The pynvml package is deprecated. Please install nvidia-ml-py instead. If you did not install pynvml directly, please report this to the maintainers of the package that installed pynvml for you.
  import pynvml  # type: ignore[import]
============================================================
BRICS Drug Generation + GAUGE Scoring
  Seed drugs: ['erlotinib', 'trametinib']
  Device: cuda:6
============================================================

[1] Loading model and artifacts...
  Drugs in model: 1487

[2] Loading pre-computed TCGA patient states from predictions...
  Total predictions loaded: 5,069,183

[3] Pre-loading GDSC expression for quantile mapping...
    Loading GDSC expression (fast path)...
    GDSC: 41145 genes × 1898 cells

[4] Building BRICS fragment pool from all model drugs...
  Fragment pool size: 302

==================================================
[5/5] Processing seed: erlotinib → TCGA-LUAD
  Seed SMILES: C#Cc1cccc(Nc2ncnc3cc(OCCOC)c(OCCOC)cc23)c1
  Target patients: 590 TCGA-LUAD
  Loading patient states for TCGA-LUAD...
    Loading TCGA expression for TCGA-LUAD...
    Applying quantile mapping (590 patients)...
  States shape: (590, 480)
  Seed drug mean value_hat (fp branch): 0.4944
  Generating BRICS analogues (max=1000)...
