/mnt/raid5/xujing/miniconda3/lib/python3.10/site-packages/torch/cuda/__init__.py:61: FutureWarning: The pynvml package is deprecated. Please install nvidia-ml-py instead. If you did not install pynvml directly, please report this to the maintainers of the package that installed pynvml for you.
  import pynvml  # type: ignore[import]
============================================================
BRICS Drug Generation + GAUGE Scoring
  Seed drugs: ['erlotinib']
  Device: cuda:6
============================================================

[1] Loading model and artifacts...
  Drugs in model: 1487

[2] Loading pre-computed TCGA patient states from predictions...
  Total predictions loaded: 5,069,183

[3] Pre-loading GDSC expression for quantile mapping...
    Loading GDSC expression (fast path)...
    GDSC: 41145 genes × 1898 cells

[4] Building BRICS fragment pool from all model drugs...
  Fragment pool size: 300

==================================================
[1/1] Processing seed: erlotinib → TCGA-LUAD
  Seed SMILES: C#Cc1cccc(Nc2ncnc3cc(OCCOC)c(OCCOC)cc23)c1
  Target patients: 590 TCGA-LUAD
  Loading patient states for TCGA-LUAD...
    Loading TCGA expression for TCGA-LUAD...
    Applying quantile mapping (590 patients)...
  States shape: (590, 480)
  Seed drug mean value_hat (fp branch): 0.4944
  Generating BRICS analogues (max=1000)...
  Generated 420 drug-like analogues
  Scoring 420 analogues × 590 TCGA-LUAD patients...
    Done in 0.4s

  Top 20 erlotinib analogues (by mean value_hat):
              DRUG_NAME  mean_value_hat  delta_vs_seed     mw  logp    qed
erlotinib_analogue_0294        0.511504       0.017135 434.55 4.472 0.6414
erlotinib_analogue_0344        0.511504       0.017135 434.55 4.472 0.6414
erlotinib_analogue_0266        0.511120       0.016751 414.59 5.450 0.6206
erlotinib_analogue_0416        0.511100       0.016731 402.53 4.134 0.6946
erlotinib_analogue_0320        0.511100       0.016731 402.53 4.134 0.6946
erlotinib_analogue_0241        0.510606       0.016237 420.52 4.226 0.6689
erlotinib_analogue_0018        0.510213       0.015844 406.49 3.461 0.7225
erlotinib_analogue_0212        0.509587       0.015218 476.59 4.995 0.5802
erlotinib_analogue_0063        0.508480       0.014111 344.50 3.916 0.7842
erlotinib_analogue_0097        0.507070       0.012701 332.44 2.600 0.7245
erlotinib_analogue_0183        0.507070       0.012701 332.44 2.600 0.7245
erlotinib_analogue_0127        0.506701       0.012332 364.46 2.938 0.7023
erlotinib_analogue_0078        0.506701       0.012332 364.46 2.938 0.7023
erlotinib_analogue_0333        0.506558       0.012189 208.26 2.742 0.6733
erlotinib_analogue_0253        0.506273       0.011904 416.56 4.380 0.6682
erlotinib_analogue_0377        0.506248       0.011879 372.51 5.258 0.6707
erlotinib_analogue_0157        0.505867       0.011498 302.41 3.618 0.8328
erlotinib_analogue_0222        0.505634       0.011265 236.36 4.136 0.6430
erlotinib_analogue_0369        0.505445       0.011076 297.57 5.001 0.5799
erlotinib_analogue_0117        0.505438       0.011069 214.27 2.167 0.7296

  Top candidates above seed baseline: 414 / 420
  Saved to generated_compounds_luad.csv

[Summary]
{
  "seed_drugs": [
    "erlotinib"
  ],
  "seed_baselines": {
    "erlotinib": 0.4944
  },
  "per_seed": [
    {
      "seed_drug": "erlotinib",
      "cancer_type": "TCGA-LUAD",
      "n_generated": 420,
      "seed_baseline": 0.4944,
      "top1_mean_vh": 0.5115,
      "top1_delta": 0.0171,
      "top1_smiles": "C#Cc1cccc([C@@]2(O)[C@H](C)C[C@H]3[C@@H]4CCC5=CC(=O)C=C[C@]5(C)[C@@]4(F)[C@@H](O)C[C@@]32C)c1",
      "top1_qed": 0.6414,
      "n_above_baseline": 414,
      "frac_above_baseline": 0.9857,
      "mean_delta": 0.0075
    }
  ]
}

All outputs → /mnt/raid5/xujing/KG/DrugDesign_Sec/cnm/results
