/mnt/raid5/xujing/miniconda3/lib/python3.10/site-packages/torch/cuda/__init__.py:61: FutureWarning: The pynvml package is deprecated. Please install nvidia-ml-py instead. If you did not install pynvml directly, please report this to the maintainers of the package that installed pynvml for you.
  import pynvml  # type: ignore[import]
============================================================
BRICS Drug Generation + GAUGE Scoring
  Seed drugs: ['trametinib']
  Device: cuda:0
============================================================

[1] Loading model and artifacts...
  Drugs in model: 1487

[2] Loading pre-computed TCGA patient states from predictions...
  Total predictions loaded: 5,069,183

[3] Pre-loading GDSC expression for quantile mapping...
    Loading GDSC expression (fast path)...
    GDSC: 41145 genes × 1898 cells

[4] Building BRICS fragment pool from all model drugs...
  Fragment pool size: 300

==================================================
[1/1] Processing seed: trametinib → TCGA-SKCM
  Seed SMILES: CC(=O)Nc1cccc(-n2c(=O)n(C3CC3)c(=O)c3c(Nc4ccc(I)cc4F)n(C)c(=O)c(C)c32)c1
  Target patients: 473 TCGA-SKCM
  Loading patient states for TCGA-SKCM...
    Loading TCGA expression for TCGA-SKCM...
    Applying quantile mapping (473 patients)...
  States shape: (473, 480)
  Seed drug mean value_hat (fp branch): 0.4993
  Generating BRICS analogues (max=1000)...
  Generated 462 drug-like analogues
  Scoring 462 analogues × 473 TCGA-SKCM patients...
    Done in 0.5s

  Top 20 trametinib analogues (by mean value_hat):
               DRUG_NAME  mean_value_hat  delta_vs_seed     mw  logp    qed
trametinib_analogue_0432        0.515288       0.016009 416.53 4.267 0.6937
trametinib_analogue_0185        0.511674       0.012395 540.39 4.989 0.4942
trametinib_analogue_0146        0.510384       0.011105 522.40 4.897 0.5166
trametinib_analogue_0121        0.510384       0.011105 522.40 4.897 0.5166
trametinib_analogue_0200        0.509645       0.010366 554.42 5.235 0.4677
trametinib_analogue_0177        0.509645       0.010366 554.42 5.235 0.4677
trametinib_analogue_0323        0.508768       0.009489 536.43 5.143 0.4891
trametinib_analogue_0420        0.508714       0.009435 148.21 1.971 0.6081
trametinib_analogue_0375        0.508685       0.009406 296.45 4.781 0.7904
trametinib_analogue_0266        0.508648       0.009369 328.13 3.504 0.7490
trametinib_analogue_0072        0.508610       0.009331 214.27 2.167 0.7296
trametinib_analogue_0436        0.508495       0.009216 218.36 2.492 0.7102
trametinib_analogue_0451        0.508397       0.009118 171.24 3.056 0.6211
trametinib_analogue_0223        0.508220       0.008941 356.22 4.898 0.6283
trametinib_analogue_0046        0.508176       0.008897 141.21 1.409 0.4992
trametinib_analogue_0129        0.508140       0.008861 319.14 3.862 0.7275
trametinib_analogue_0079        0.508087       0.008808 182.27 3.970 0.6256
trametinib_analogue_0045        0.507875       0.008596 384.53 5.278 0.6524
trametinib_analogue_0091        0.507865       0.008586 260.34 4.337 0.4817
trametinib_analogue_0068        0.507725       0.008446 168.32 4.127 0.5537

  Top candidates above seed baseline: 456 / 462
  Saved to generated_compounds_skcm.csv

[Summary]
{
  "seed_drugs": [
    "trametinib"
  ],
  "seed_baselines": {
    "trametinib": 0.4993
  },
  "per_seed": [
    {
      "seed_drug": "trametinib",
      "cancer_type": "TCGA-SKCM",
      "n_generated": 462,
      "seed_baseline": 0.4993,
      "top1_mean_vh": 0.5153,
      "top1_delta": 0.016,
      "top1_smiles": "CC1(C)O[C@@H]2CC3C4CCC5=CC(=O)C=C[C@]5(C)[C@@]4(F)[C@@H](O)C[C@]3(C)[C@]2(C2CC2)O1",
      "top1_qed": 0.6937,
      "n_above_baseline": 456,
      "frac_above_baseline": 0.987,
      "mean_delta": 0.0051
    }
  ]
}

All outputs → /mnt/raid5/xujing/KG/DrugDesign_Sec/cnm/results
