https://scikit-learn.org/stable/model_persistence.html#security-maintainability-limitations
https://scikit-learn.org/stable/model_persistence.html#security-maintainability-limitations
======================================================================
Script 01: Global In-Silico Perturbation Landscape
Scenario A — Cell-line split test set (190 unseen cell lines)
======================================================================
Loading prepared data from /mnt/raid5/xujing/KG/benchmarking/01_random_cell_split/HVG2000/data/processed/default/.cache/prepare/d78ee85a28b06384179852e5/prepared.pkl ...
Loading result-dir artifacts from /mnt/raid5/xujing/KG/benchmarking/01_random_cell_split/HVG2000/results/true/artifacts.pkl ...
Loading model from /mnt/raid5/xujing/KG/benchmarking/01_random_cell_split/HVG2000/results/true ...
Loading config from /mnt/raid5/xujing/KG/benchmarking/01_random_cell_split/HVG2000/results/true/default.yaml ...
  Total genes in model: 2000
  Test rows: 45026
  Test cell lines: 190
  Test drugs: 283

Step 1: Ranking 2000 HVG genes by PCA loading importance ...
  Top 50 HVG genes by PCA loading identified
  Combined panel: 79 genes for perturbation
  Drugs with ≥10 test cells: 283

Running 79 genes × 283 drugs ...
  Gene 1/79: FBXO27
  Gene 11/79: ITM2C
  Gene 21/79: IGFBP7
  Gene 31/79: SNORA17B
  Gene 41/79: CHCHD10
  Gene 51/79: CDKN2C
  Gene 61/79: PCBP3
  Gene 71/79: TCEAL4

Saved: 22357 gene-drug perturbation records

--- Known Target Validation ---
Known gene-drug pairs: 11
Mean |ΔAU| for known targets: 0.00458
Mean |ΔAU| for non-targets:   0.00231
Enrichment (known/non-target): 1.98×
  Lapatinib                 ← ERBB2      | ΔAU=-0.0112 | |ΔAU|=0.0112
  Navitoclax                ← BCL2       | ΔAU=-0.0109 | |ΔAU|=0.0109
  Venetoclax                ← BCL2       | ΔAU=-0.0080 | |ΔAU|=0.0080
  Palbociclib               ← CDKN1A     | ΔAU=-0.0051 | |ΔAU|=0.0054
  Lapatinib                 ← EGFR       | ΔAU=-0.0032 | |ΔAU|=0.0033
  Erlotinib                 ← EGFR       | ΔAU=-0.0025 | |ΔAU|=0.0026
  AZD4547                   ← FGFR1      | ΔAU=+0.0019 | |ΔAU|=0.0024
  Crizotinib                ← MET        | ΔAU=-0.0021 | |ΔAU|=0.0023
  Gefitinib                 ← EGFR       | ΔAU=-0.0014 | |ΔAU|=0.0015
  AZD4547                   ← FGFR3      | ΔAU=-0.0012 | |ΔAU|=0.0014
  AZD4547                   ← FGFR2      | ΔAU=+0.0003 | |ΔAU|=0.0013

--- Top 15 Most Impactful Genes (mean |ΔAU| across drugs) ---
  RPS28P7         | |ΔAU|=0.00924 | max=0.0581 | n_drugs=283
  CDKN1A          | |ΔAU|=0.00658 | max=0.0288 | n_drugs=283
  ITM2C           | |ΔAU|=0.00603 | max=0.0352 | n_drugs=283
  IL4R            | |ΔAU|=0.00583 | max=0.0298 | n_drugs=283
  FADS1           | |ΔAU|=0.00522 | max=0.0275 | n_drugs=283
  MYC             | |ΔAU|=0.00495 | max=0.0290 | n_drugs=283
  CDKN2C          | |ΔAU|=0.00495 | max=0.0226 | n_drugs=283
  ERBB2           | |ΔAU|=0.00495 | max=0.0343 | n_drugs=283
  TCEAL4          | |ΔAU|=0.00485 | max=0.0261 | n_drugs=283
  CHCHD10         | |ΔAU|=0.00470 | max=0.0308 | n_drugs=283
  ETV5            | |ΔAU|=0.00408 | max=0.0165 | n_drugs=283
  GFOD3P          | |ΔAU|=0.00366 | max=0.0181 | n_drugs=283
  TRIM16L         | |ΔAU|=0.00318 | max=0.0159 | n_drugs=283
  MGMT            | |ΔAU|=0.00316 | max=0.0175 | n_drugs=283
  CLIP3           | |ΔAU|=0.00288 | max=0.0111 | n_drugs=283

All outputs → /mnt/raid5/xujing/KG/Peru/A/results/01_global
Script 01 complete.
