https://scikit-learn.org/stable/model_persistence.html#security-maintainability-limitations
https://scikit-learn.org/stable/model_persistence.html#security-maintainability-limitations
======================================================================
Script 02: World Model Gate Dynamics
Static KG → Dynamic Selective KG Activation
======================================================================
Loading prepared data from /mnt/raid5/xujing/KG/benchmarking/01_random_cell_split/HVG2000/data/processed/default/.cache/prepare/d78ee85a28b06384179852e5/prepared.pkl ...
Loading result-dir artifacts from /mnt/raid5/xujing/KG/benchmarking/01_random_cell_split/HVG2000/results/true/artifacts.pkl ...
Loading model from /mnt/raid5/xujing/KG/benchmarking/01_random_cell_split/HVG2000/results/true ...
Loading config from /mnt/raid5/xujing/KG/benchmarking/01_random_cell_split/HVG2000/results/true/default.yaml ...
  Test rows: 45026, Test cells: 190

--- Part 1: Drug-Level KG Activation Profile ---

  KG Activation Classification:
    KG-silent           : 156 drugs (56.9%)
    ChEMBL+PrimeKG      : 68 drugs (24.8%)
    ChEMBL-only         : 38 drugs (13.9%)
    PrimeKG-dominant    : 12 drugs (4.4%)
  DRKG weight = 0 for ALL 274 drugs (learned to down-weight DRKG)

--- Part 2: Terminal Latent Cell-Context Variation ---
  Terminal latent L2 norm variation:
    Mean norm: 3.163
    Std across all (cells + drugs): 0.292
    Within-drug std (avg across drugs): 0.202

--- Part 3: Gene Perturbation → Terminal Latent Shift ---
  Focus pairs (target gene → known drug):
  Erlotinib            ← EGFR      : ΔAU=-0.0025 | TL-shift=0.0304 | alpha=1.000
  Gefitinib            ← EGFR      : ΔAU=-0.0014 | TL-shift=0.0299 | alpha=1.000
  Lapatinib            ← ERBB2     : ΔAU=-0.0112 | TL-shift=0.0743 | alpha=1.000
  Venetoclax           ← BCL2      : ΔAU=-0.0080 | TL-shift=0.0587 | alpha=1.000
  Trametinib           ← MYC       : ΔAU=-0.0098 | TL-shift=0.0678 | alpha=1.000
  Olaparib             ← CDKN2A    : ΔAU=+0.0015 | TL-shift=0.0317 | alpha=1.000
  Palbociclib          ← CCND1     : ΔAU=-0.0008 | TL-shift=0.0349 | alpha=1.000
  Dasatinib            ← KIT       : ΔAU=-0.0008 | TL-shift=0.0114 | alpha=1.000
  Venetoclax           ← EGFR      : ΔAU=-0.0013 | TL-shift=0.0256 | alpha=1.000
  Erlotinib            ← BCL2      : ΔAU=-0.0022 | TL-shift=0.0210 | alpha=1.000
  Venetoclax           ← FGFR1     : ΔAU=+0.0022 | TL-shift=0.0264 | alpha=1.000
  Erlotinib            ← KIT       : ΔAU=-0.0002 | TL-shift=0.0099 | alpha=1.000

  TL shift: known targets=0.0483 vs controls=0.0286
  Mann-Whitney p (target > control): 0.077

--- Summary: World Model Gate Dynamics ---
  n_drugs_total: 274
  n_kg_silent: 156
  n_kg_active: 118
  drkg_weight_all_zero: True
  chembl_mean_weight: 0.5902771485053887
  primekg_mean_weight: 0.4052183191149922
  tl_mean_norm: 3.1633431646823884
  tl_within_drug_std: 0.20192695984807676

All outputs → /mnt/raid5/xujing/KG/Peru/A/results/02_gate
Script 02 complete.
