https://scikit-learn.org/stable/model_persistence.html#security-maintainability-limitations
https://scikit-learn.org/stable/model_persistence.html#security-maintainability-limitations
======================================================================
Script 04: Drug Family Deep Dive — Target Specificity
======================================================================
Loading prepared data from /mnt/raid5/xujing/KG/benchmarking/01_random_cell_split/HVG2000/data/processed/default/.cache/prepare/d78ee85a28b06384179852e5/prepared.pkl ...
Loading result-dir artifacts from /mnt/raid5/xujing/KG/benchmarking/01_random_cell_split/HVG2000/results/true/artifacts.pkl ...
Loading model from /mnt/raid5/xujing/KG/benchmarking/01_random_cell_split/HVG2000/results/true ...
Loading config from /mnt/raid5/xujing/KG/benchmarking/01_random_cell_split/HVG2000/results/true/default.yaml ...
  Test rows: 45026, Test cells: 190

  Available drug families: 8
    EGFR_inhibitors: ['Erlotinib', 'Gefitinib', 'Lapatinib']
    BRAF_inhibitors: ['Dabrafenib']
    MEK_inhibitors: ['Trametinib', 'Selumetinib']
    BCL2_inhibitors: ['Venetoclax', 'Navitoclax']
    PARP_inhibitors: ['Olaparib', 'Niraparib', 'Rucaparib']
    CDK46_inhibitors: ['Palbociclib']
    PI3K_inhibitors: ['Alpelisib', 'Buparlisib']
    MTOR_inhibitors: ['Temsirolimus', 'Rapamycin']

  Study drugs: 16 family + 30 background
  Candidate genes: 25

Running 25 genes × 46 drugs ...
  Gene 1/25: EGFR
  Gene 11/25: AKT3
  Gene 21/25: MYCN

Saved: 1150 perturbation records

--- Target Gene Rank within Drug Family ---
  EGFR_inhibitors      | ERBB2      rank=  1 | |ΔAU|=0.00787
  CDK46_inhibitors     | CDKN1A     rank=  1 | |ΔAU|=0.00540
  BCL2_inhibitors      | BCL2       rank=  2 | |ΔAU|=0.00945
  EGFR_inhibitors      | EGFR       rank=  9 | |ΔAU|=0.00249

--- Within vs Cross-Family ΔAU (known targets) ---
  BCL2       → BCL2_inhibitors      | within=0.00945 vs cross=0.00259 | fold=3.65× | p=6.627e-18
  ERBB2      → EGFR_inhibitors      | within=0.00787 vs cross=0.00463 | fold=1.70× | p=3.804e-02
  EGFR       → EGFR_inhibitors      | within=0.00249 vs cross=0.00189 | fold=1.32× | p=1.731e-01
  CDKN1A     → CDK46_inhibitors     | within=0.00540 vs cross=0.00637 | fold=0.85× | p=5.854e-01

All outputs → /mnt/raid5/xujing/KG/Peru/A/results/04_drug_family
Script 04 complete.
