https://scikit-learn.org/stable/model_persistence.html#security-maintainability-limitations
https://scikit-learn.org/stable/model_persistence.html#security-maintainability-limitations
======================================================================
Script 05: Three Prior Network Attribution
ChEMBL × DRKG × PrimeKG — KG Source Ablation
======================================================================
Loading prepared data from /mnt/raid5/xujing/KG/benchmarking/01_random_cell_split/HVG2000/data/processed/default/.cache/prepare/d78ee85a28b06384179852e5/prepared.pkl ...
Loading result-dir artifacts from /mnt/raid5/xujing/KG/benchmarking/01_random_cell_split/HVG2000/results/true/artifacts.pkl ...
Loading model from /mnt/raid5/xujing/KG/benchmarking/01_random_cell_split/HVG2000/results/true ...
Loading config from /mnt/raid5/xujing/KG/benchmarking/01_random_cell_split/HVG2000/results/true/default.yaml ...
  Test rows: 45026, Test cells: 190
  KG-active drugs: 118, KG-silent: 156

--- Part 1: Baseline Prediction Accuracy by KG Source ---
  Study drugs: 118 KG-active + 20 KG-silent
  Condition: full ...
  Condition: ChEMBL_off ...
  Condition: DRKG_off ...
  Condition: PrimeKG_off ...
  Condition: all_off ...

  Accuracy by condition × KG activation status:
  condition  kg_active     mean      std  count
 ChEMBL_off      False 0.110420 0.202134     20
 ChEMBL_off       True 0.287384 0.210082    118
   DRKG_off      False 0.110420 0.202134     20
   DRKG_off       True 0.298886 0.209295    118
PrimeKG_off      False 0.110420 0.202134     20
PrimeKG_off       True 0.289419 0.208440    118
    all_off      False 0.110420 0.202134     20
    all_off       True 0.235827 0.196258    118
       full      False 0.110420 0.202134     20
       full       True 0.298878 0.209311    118

--- Part 2: Gene Perturbation Effect Retention under KG Ablation ---
  (Using direct forward passes for perturbation; predict_frame for baseline)

  Erlotinib ← EGFR (n=185)
    full:          |ΔAU| = 0.00262
    ChEMBL_off     : |Δfull_vs_ablated| = 0.02806
    DRKG_off       : |Δfull_vs_ablated| = 0.02808
    PrimeKG_off    : |Δfull_vs_ablated| = 0.02810
    all_off        : |Δfull_vs_ablated| = 0.04170

  Gefitinib ← EGFR (n=186)
    full:          |ΔAU| = 0.00155
    ChEMBL_off     : |Δfull_vs_ablated| = 0.02915
    DRKG_off       : |Δfull_vs_ablated| = 0.02915
    PrimeKG_off    : |Δfull_vs_ablated| = 0.02915
    all_off        : |Δfull_vs_ablated| = 0.04341

  Lapatinib ← ERBB2 (n=189)
    full:          |ΔAU| = 0.01125
    ChEMBL_off     : |Δfull_vs_ablated| = 0.05229
    DRKG_off       : |Δfull_vs_ablated| = 0.05229
    PrimeKG_off    : |Δfull_vs_ablated| = 0.06188
    all_off        : |Δfull_vs_ablated| = 0.06188

  Venetoclax ← BCL2 (n=186)
    full:          |ΔAU| = 0.00803
    ChEMBL_off     : |Δfull_vs_ablated| = 0.03923
    DRKG_off       : |Δfull_vs_ablated| = 0.03926
    PrimeKG_off    : |Δfull_vs_ablated| = 0.03928
    all_off        : |Δfull_vs_ablated| = 0.03258

  Navitoclax ← BCL2 (n=190)
    full:          |ΔAU| = 0.01085
    ChEMBL_off     : |Δfull_vs_ablated| = 0.09700
    DRKG_off       : |Δfull_vs_ablated| = 0.09705
    PrimeKG_off    : |Δfull_vs_ablated| = 0.09710
    all_off        : |Δfull_vs_ablated| = 0.09262

  Palbociclib ← CDKN1A (n=190)
    full:          |ΔAU| = 0.00540
    ChEMBL_off     : |Δfull_vs_ablated| = 0.01815
    DRKG_off       : |Δfull_vs_ablated| = 0.01817
    PrimeKG_off    : |Δfull_vs_ablated| = 0.01819
    all_off        : |Δfull_vs_ablated| = 0.03824

  Trametinib ← MYC (n=189)
    full:          |ΔAU| = 0.01114
    ChEMBL_off     : |Δfull_vs_ablated| = 0.08932
    DRKG_off       : |Δfull_vs_ablated| = 0.08936
    PrimeKG_off    : |Δfull_vs_ablated| = 0.08942
    all_off        : |Δfull_vs_ablated| = 0.10867

  Olaparib ← CDKN2A (n=189)
    full:          |ΔAU| = 0.00169
    ChEMBL_off     : |Δfull_vs_ablated| = 0.02051
    DRKG_off       : |Δfull_vs_ablated| = 0.02051
    PrimeKG_off    : |Δfull_vs_ablated| = 0.02051
    all_off        : |Δfull_vs_ablated| = 0.02889

  Dasatinib ← KIT (n=188)
    full:          |ΔAU| = 0.00143
    ChEMBL_off     : |Δfull_vs_ablated| = 0.06225
    DRKG_off       : |Δfull_vs_ablated| = 0.06228
    PrimeKG_off    : |Δfull_vs_ablated| = 0.06232
    all_off        : |Δfull_vs_ablated| = 0.12788

--- Part 3: KG-Active vs KG-Silent Drug Accuracy ---
  KG-active drugs (full KG):  r = 0.2989 ± 0.2093 (n=118)
  KG-silent drugs (full KG):  r = 0.1104 ± 0.2021 (n=20)
  Mann-Whitney p (active > silent): 3.198e-04

  ΔSpearman (full − ablated) for KG-active drugs:
    ChEMBL_off     : ΔSpearman = +0.0115 ± 0.0376
    DRKG_off       : ΔSpearman = -0.0000 ± 0.0001
    PrimeKG_off    : ΔSpearman = +0.0095 ± 0.0361
    all_off        : ΔSpearman = +0.0631 ± 0.0838

--- Network Attribution Summary ---
  condition  n_drugs_active  mean_spearman_active  n_drugs_silent  mean_spearman_silent
       full             118              0.298878              20               0.11042
 ChEMBL_off             118              0.287384              20               0.11042
   DRKG_off             118              0.298886              20               0.11042
PrimeKG_off             118              0.289419              20               0.11042
    all_off             118              0.235827              20               0.11042

All outputs → /mnt/raid5/xujing/KG/Peru/A/results/05_network_attribution
Script 05 complete.
